<?xml version="1.0" encoding="UTF-8"?>
<!-- Generated by org.testng.reporters.JUnitReportReporter -->
<testsuite hostname="DESKTOP-CSJRUOG" failures="0" tests="4" name="com.justdial.testcases.FitnessTestCases" time="13.708" errors="0" timestamp="28 Jul 2021 05:21:12 GMT" skipped="0">
  <testcase classname="com.justdial.testcases.FitnessTestCases" name="fitness" time="11.142"/>
  <testcase classname="com.justdial.testcases.FitnessTestCases" name="fitnessMenu" time="0.628"/>
  <testcase classname="com.justdial.testcases.FitnessTestCases" name="gym" time="1.549"/>
  <testcase classname="com.justdial.testcases.FitnessTestCases" name="gymMenu" time="0.389"/>
</testsuite> <!-- com.justdial.testcases.FitnessTestCases -->
