<?xml version="1.0" encoding="UTF-8"?>
<!-- Generated by org.testng.reporters.JUnitReportReporter -->
<testsuite hostname="DESKTOP-CSJRUOG" failures="0" tests="10" name="com.justdial.testcases.HomepageTestCases" time="68.063" errors="0" timestamp="26 Jul 2021 13:47:18 GMT" skipped="0">
  <testcase classname="com.justdial.testcases.HomepageTestCases" name="websiteTest" time="0.037"/>
  <testcase classname="com.justdial.testcases.HomepageTestCases" name="elementsTest" time="0.174"/>
  <testcase classname="com.justdial.testcases.HomepageTestCases" name="loginPageTest" time="0.654"/>
  <testcase classname="com.justdial.testcases.HomepageTestCases" name="locationTest" time="5.177"/>
  <testcase classname="com.justdial.testcases.HomepageTestCases" name="searchingTest" time="6.282"/>
  <testcase classname="com.justdial.testcases.HomepageTestCases" name="resultPageTest" time="0.040"/>
  <testcase classname="com.justdial.testcases.HomepageTestCases" name="bestdealsTest" time="4.201"/>
  <testcase classname="com.justdial.testcases.HomepageTestCases" name="ratingCheck" time="0.299"/>
  <testcase classname="com.justdial.testcases.HomepageTestCases" name="printData" time="37.882"/>
  <testcase classname="com.justdial.testcases.HomepageTestCases" name="dataFromMenubar" time="13.317"/>
</testsuite> <!-- com.justdial.testcases.HomepageTestCases -->
