<?xml version="1.0" encoding="UTF-8"?>
<!-- Generated by org.testng.reporters.JUnitReportReporter -->
<testsuite skipped="0" hostname="DESKTOP-CSJRUOG" name="com.justdial.testcases.FreelistingTestCases" tests="6" failures="0" timestamp="28 Jul 2021 05:30:33 GMT" time="41.613" errors="0">
  <testcase name="launch" time="11.788" classname="com.justdial.testcases.FreelistingTestCases"/>
  <testcase name="allNullValues" time="3.476" classname="com.justdial.testcases.FreelistingTestCases"/>
  <testcase name="companyNullValue" time="2.797" classname="com.justdial.testcases.FreelistingTestCases"/>
  <testcase name="mobileNullValue" time="8.536" classname="com.justdial.testcases.FreelistingTestCases"/>
  <testcase name="cityNullvalue" time="7.920" classname="com.justdial.testcases.FreelistingTestCases"/>
  <testcase name="validDataTest" time="7.096" classname="com.justdial.testcases.FreelistingTestCases"/>
</testsuite> <!-- com.justdial.testcases.FreelistingTestCases -->
