<?xml version="1.0" encoding="UTF-8"?>
<!-- Generated by org.testng.reporters.JUnitReportReporter -->
<testsuite skipped="0" hostname="DESKTOP-CSJRUOG" name="com.justdial.testcases.FitnessTestCases" tests="4" failures="0" timestamp="28 Jul 2021 05:30:33 GMT" time="15.606" errors="0">
  <testcase name="fitness" time="11.822" classname="com.justdial.testcases.FitnessTestCases"/>
  <testcase name="fitnessMenu" time="0.622" classname="com.justdial.testcases.FitnessTestCases"/>
  <testcase name="gym" time="2.554" classname="com.justdial.testcases.FitnessTestCases"/>
  <testcase name="gymMenu" time="0.608" classname="com.justdial.testcases.FitnessTestCases"/>
</testsuite> <!-- com.justdial.testcases.FitnessTestCases -->
