<?xml version="1.0" encoding="UTF-8"?>
<!-- Generated by org.testng.reporters.JUnitReportReporter -->
<testsuite skipped="0" hostname="DESKTOP-CSJRUOG" name="com.justdial.testcases.HomepageTestCases" tests="10" failures="0" timestamp="28 Jul 2021 05:30:33 GMT" time="75.154" errors="0">
  <testcase name="websiteTest" time="0.055" classname="com.justdial.testcases.HomepageTestCases"/>
  <testcase name="elementsTest" time="0.629" classname="com.justdial.testcases.HomepageTestCases"/>
  <testcase name="loginPageTest" time="1.480" classname="com.justdial.testcases.HomepageTestCases"/>
  <testcase name="locationTest" time="7.415" classname="com.justdial.testcases.HomepageTestCases"/>
  <testcase name="searchingTest" time="6.763" classname="com.justdial.testcases.HomepageTestCases"/>
  <testcase name="resultPageTest" time="0.085" classname="com.justdial.testcases.HomepageTestCases"/>
  <testcase name="bestdealsTest" time="4.221" classname="com.justdial.testcases.HomepageTestCases"/>
  <testcase name="ratingCheck" time="0.322" classname="com.justdial.testcases.HomepageTestCases"/>
  <testcase name="printData" time="41.984" classname="com.justdial.testcases.HomepageTestCases"/>
  <testcase name="dataFromMenubar" time="12.200" classname="com.justdial.testcases.HomepageTestCases"/>
</testsuite> <!-- com.justdial.testcases.HomepageTestCases -->
